*** EVALUATION ***
ANSI-C/cC++ Compiler for HC12 V-5.0.41 Build 10203, Jul 23 2010

    1:  #include <stdio.h>
    2:  #include "EF_Framework.h"
    3:  #include "EF_Timers.h"
    4:  #include "DiscoCubesSM.h"
    5:  #include "EventCheckers.h"
    6:  
    7:  void main( void) {
*** EVALUATION ***

Function: main
Source  : U:\xiaog\My Documents\DiscoCubes\sources\DiscoCubesMain.c
Options : -D_HCS12 -D__NO_FLOAT__ -D_HCS12_SERIALMON -Env"GENPATH=\\testarossa\Users$\xiaog\My Documents\DiscoCubes;\\testarossa\Users$\xiaog\My Documents\DiscoCubes\bin;\\testarossa\Users$\xiaog\My Documents\DiscoCubes\prm;\\testarossa\Users$\xiaog\My Documents\DiscoCubes\cmd;\\testarossa\Users$\xiaog\My Documents\DiscoCubes\Sources;C:\Program Files\Freescale\CWS12v5.1\lib\HC12c\lib;C:\Program Files\Freescale\CWS12v5.1\lib\HC12c\src;\\testarossa\Users$\xiaog\My Documents\DiscoCubes\Startup Code;\\testarossa\Users$\xiaog\My Documents\DiscoCubes\Headers;U:\xiaog\My Documents\DiscoCubes\Headers;U:\xiaog\My Documents\DiscoCubes\sources;U:\_Samples\ADS12;U:\_Samples\PWMS12\PWMS12;C:\Program Files\Freescale\CWS12v5.1\lib\HC12c\include" -Env"LIBPATH=C:\Program Files\Freescale\CWS12v5.1\lib\HC12c\include" -Env"OBJPATH=\\testarossa\Users$\xiaog\My Documents\DiscoCubes\bin" -Env"TEXTPATH=\\testarossa\Users$\xiaog\My Documents\DiscoCubes\bin" -Lasm=%n.lst -Ms -ObjN="\\testarossa\Users$\xiaog\My Documents\DiscoCubes\DiscoCubes_Data\Monitor\ObjectCode\DiscoCubesMain.c.o" -WmsgSd1420

  0000 3b           [2]     PSHD  
    8:  EF_Return_t ErrorType;
    9:  
   10:  puts("Starting Disco Cubes!!!\r");
  0001 cc0000       [2]     LDD   #"Starting Disco Cubes!!!\015"
  0004 160000       [4]     JSR   puts
   11:  
   12:  // Your hardware initialization function calls go here
   13:  EF_Timer_Init(EF_Timer_RATE_1MS);
  0007 c623         [1]     LDAB  #35
  0009 87           [1]     CLRA  
  000a 160000       [4]     JSR   EF_Timer_Init
   14:  //EF_Timer_InitTimer(0, 4500);
   15:  
   16:  // now initialize the state machines and start them running
   17:  ErrorType = EF_Initialize();
  000d 160000       [4]     JSR   EF_Initialize
  0010 6c80         [2]     STD   0,SP
   18:  if ( ErrorType == Success ) {
  0012 2605         [3/1]   BNE   *+7 ;abs = 0019
   19:  
   20:    ErrorType = EF_Run();
  0014 160000       [4]     JSR   EF_Run
  0017 6c80         [2]     STD   0,SP
   21:  
   22:  }
   23:  //if we got to here, there was an error
   24:  switch (ErrorType){
  0019 ec80         [3]     LDD   0,SP
  001b 8c0003       [2]     CPD   #3
  001e 2707         [3/1]   BEQ   *+9 ;abs = 0027
  0020 8c0005       [2]     CPD   #5
  0023 2707         [3/1]   BEQ   *+9 ;abs = 002c
  0025 200a         [3]     BRA   *+12 ;abs = 0031
   25:    case FailedPointer:
   26:      puts("Failed on NULL pointer");
  0027 cc0000       [2]     LDD   #"Failed on NULL pointer"
   27:      break;
  002a 2008         [3]     BRA   *+10 ;abs = 0034
   28:    case FailedInit:
   29:      puts("Failed Initialization");
  002c cc0000       [2]     LDD   #"Failed Initialization"
   30:      break;
  002f 2003         [3]     BRA   *+5 ;abs = 0034
   31:   default:
   32:      puts("Other Failure");
  0031 cc0000       [2]     LDD   #"Other Failure"
  0034 160000       [4]     JSR   puts
   33:      break;
   34:  }
   35:  for(;;);
  0037 20fe         [3]     BRA   *+0 ;abs = 0037
   36:  
   37:  };
   38:  
